<?xml version="1.0" encoding="UTF-8"?>
<testng-results skipped="0" failed="0" ignored="0" total="1" passed="1">
  <reporter-output>
  </reporter-output>
  <suite name="Suite" duration-ms="10283" started-at="2021-05-24T09:57:14Z" finished-at="2021-05-24T09:57:24Z">
    <groups>
    </groups>
    <test name="Test" duration-ms="10283" started-at="2021-05-24T09:57:14Z" finished-at="2021-05-24T09:57:24Z">
      <class name="com.learnautomation.testcases.LoginTestCRM">
        <test-method status="PASS" signature="setUpSuite()[pri:0, instance:com.learnautomation.testcases.LoginTestCRM@482cd91f]" name="setUpSuite" is-config="true" duration-ms="1251" started-at="2021-05-24T15:27:13Z" finished-at="2021-05-24T15:27:14Z">
          <reporter-output>
          </reporter-output>
        </test-method> <!-- setUpSuite -->
        <test-method status="PASS" signature="setup()[pri:0, instance:com.learnautomation.testcases.LoginTestCRM@482cd91f]" name="setup" is-config="true" duration-ms="6528" started-at="2021-05-24T15:27:14Z" finished-at="2021-05-24T15:27:21Z">
          <reporter-output>
          </reporter-output>
        </test-method> <!-- setup -->
        <test-method status="PASS" signature="loginApp()[pri:0, instance:com.learnautomation.testcases.LoginTestCRM@482cd91f]" name="loginApp" duration-ms="2957" started-at="2021-05-24T15:27:21Z" finished-at="2021-05-24T15:27:24Z">
          <reporter-output>
          </reporter-output>
        </test-method> <!-- loginApp -->
        <test-method status="PASS" signature="teardownmethod(org.testng.ITestResult)[pri:0, instance:com.learnautomation.testcases.LoginTestCRM@482cd91f]" name="teardownmethod" is-config="true" duration-ms="2" started-at="2021-05-24T15:27:24Z" finished-at="2021-05-24T15:27:24Z">
          <params>
            <param index="0">
              <value>
                <![CDATA[[TestResult name=loginApp status=SUCCESS method=LoginTestCRM.loginApp()[pri:0, instance:com.learnautomation.testcases.LoginTestCRM@482cd91f] output={null}]]]>
              </value>
            </param>
          </params>
          <reporter-output>
          </reporter-output>
        </test-method> <!-- teardownmethod -->
        <test-method status="PASS" signature="teardown()[pri:0, instance:com.learnautomation.testcases.LoginTestCRM@482cd91f]" name="teardown" is-config="true" duration-ms="775" started-at="2021-05-24T15:27:24Z" finished-at="2021-05-24T15:27:24Z">
          <reporter-output>
          </reporter-output>
        </test-method> <!-- teardown -->
      </class> <!-- com.learnautomation.testcases.LoginTestCRM -->
    </test> <!-- Test -->
  </suite> <!-- Suite -->
</testng-results>
